2019-01-07T08:38:02.595Z - normal: Load ~/.CocosCreator/settings.json
2019-01-07T08:38:02.598Z - normal: checking language setting...
2019-01-07T08:38:02.598Z - normal: Language: zh
2019-01-07T08:38:04.341Z - success: protocol editor-framework registered
2019-01-07T08:38:04.341Z - success: protocol app registered
2019-01-07T08:38:04.341Z - success: protocol theme registered
2019-01-07T08:38:04.341Z - success: protocol packages registered
2019-01-07T08:38:04.341Z - success: protocol unpack registerred
2019-01-07T08:38:04.341Z - success: protocol disable-commonjs registerred
2019-01-07T08:38:04.600Z - normal: connected!
2019-01-07T08:38:04.602Z - normal: Check project C:\GitHub\UDGame1\MyGame4
2019-01-07T08:38:04.606Z - normal: Initializing project C:\GitHub\UDGame1\MyGame4
2019-01-07T08:38:04.609Z - normal: Initializing Cocos2d
2019-01-07T08:38:05.247Z - normal: Initializing Asset Database
2019-01-07T08:38:05.295Z - success: protocol uuid registerred
2019-01-07T08:38:05.295Z - success: protocol db registerred
2019-01-07T08:38:05.295Z - success: protocol thumbnail registerred
2019-01-07T08:38:05.295Z - normal: Loading editor/builtin packages
2019-01-07T08:38:05.447Z - success: assets loaded
2019-01-07T08:38:05.449Z - success: builder loaded
2019-01-07T08:38:05.453Z - success: cocos-analytics loaded
2019-01-07T08:38:05.457Z - success: console loaded
2019-01-07T08:38:05.493Z - success: fb-instant-games loaded
2019-01-07T08:38:05.495Z - success: google-instant-games loaded
2019-01-07T08:38:05.500Z - success: hierarchy loaded
2019-01-07T08:38:05.502Z - success: inspector loaded
2019-01-07T08:38:05.504Z - success: keystore loaded
2019-01-07T08:38:05.508Z - success: node-library loaded
2019-01-07T08:38:05.510Z - success: package-asset loaded
2019-01-07T08:38:05.512Z - success: preferences loaded
2019-01-07T08:38:05.513Z - success: project-exporter loaded
2019-01-07T08:38:05.530Z - success: project-importer loaded
2019-01-07T08:38:05.533Z - success: project-settings loaded
2019-01-07T08:38:05.536Z - success: ui-kit loaded
2019-01-07T08:38:05.540Z - success: scene loaded
2019-01-07T08:38:05.541Z - success: sprite-editor loaded
2019-01-07T08:38:05.544Z - success: store loaded
2019-01-07T08:38:05.549Z - success: timeline loaded
2019-01-07T08:38:05.549Z - normal: Loading builtin packages
2019-01-07T08:38:05.554Z - success: asset-db-debugger loaded
2019-01-07T08:38:05.556Z - success: code-editor loaded
2019-01-07T08:38:05.556Z - success: color-picker loaded
2019-01-07T08:38:05.651Z - success: fb-audience-network loaded
2019-01-07T08:38:05.656Z - success: fb-live-stream loaded
2019-01-07T08:38:05.659Z - success: google-play-instant loaded
2019-01-07T08:38:05.660Z - success: jsb-adapter loaded
2019-01-07T08:38:05.664Z - success: oppo-runtime loaded
2019-01-07T08:38:05.666Z - success: package-manager loaded
2019-01-07T08:38:05.799Z - success: qqplay-adapter loaded
2019-01-07T08:38:05.800Z - success: runtime-dev-tools loaded
2019-01-07T08:38:05.804Z - success: sdkbox loaded
2019-01-07T08:38:05.808Z - success: tester loaded
2019-01-07T08:38:05.810Z - success: ui-grid loaded
2019-01-07T08:38:05.811Z - success: ui-kit-preview-extra loaded
2019-01-07T08:38:05.813Z - success: ui-kit-preview loaded
2019-01-07T08:38:05.814Z - success: ui-tree loaded
2019-01-07T08:38:05.817Z - success: vivo-runtime loaded
2019-01-07T08:38:05.818Z - success: weapp-adapter loaded
2019-01-07T08:38:06.940Z - normal: Loading packages
2019-01-07T08:38:06.952Z - success: i18n loaded
2019-01-07T08:38:06.952Z - normal: Watching packages
2019-01-07T08:38:07.706Z - normal: Run Application
2019-01-07T08:38:08.949Z - success: preview server running at http://localhost:7456
2019-01-07T08:40:50.706Z - info: shutdown preview server
